TN:
SF:general.js
FN:19,(anonymous_0)
FN:31,(anonymous_1)
FNF:2
FNH:2
FNDA:2,(anonymous_0)
FNDA:3,(anonymous_1)
DA:7,1
DA:8,1
DA:11,1
DA:13,1
DA:20,2
DA:32,3
DA:33,22
DA:34,22
DA:35,1
DA:37,21
DA:40,3
LF:11
LH:11
BRDA:34,0,0,1
BRDA:34,0,1,21
BRF:2
BRH:2
end_of_record
TN:
SF:groceries.js
FN:25,(anonymous_0)
FN:38,(anonymous_1)
FNF:2
FNH:2
FNDA:3,(anonymous_0)
FNDA:2,(anonymous_1)
DA:8,1
DA:9,1
DA:11,1
DA:13,1
DA:15,1
DA:26,3
DA:27,3
DA:39,2
DA:40,2
LF:9
LH:9
BRF:0
BRH:0
end_of_record
TN:
SF:main.js
FN:7,(anonymous_0)
FNF:1
FNH:1
FNDA:1,(anonymous_0)
DA:1,1
DA:2,1
DA:4,1
DA:6,1
DA:8,1
DA:9,1
DA:10,1
DA:11,2
DA:12,2
DA:14,1
LF:10
LH:10
BRF:0
BRH:0
end_of_record
TN:
SF:meal.js
FN:10,(anonymous_0)
FN:29,getIngredients
FNF:2
FNH:2
FNDA:7,(anonymous_0)
FNDA:7,getIngredients
DA:11,7
DA:12,7
DA:13,7
DA:14,7
DA:15,7
DA:16,7
DA:17,7
DA:18,7
DA:19,7
DA:30,7
DA:31,7
DA:32,357
DA:33,140
DA:34,140
DA:35,75
DA:36,75
DA:37,0
DA:39,75
DA:44,7
DA:47,1
LF:20
LH:19
BRDA:32,0,0,140
BRDA:32,0,1,217
BRDA:34,1,0,75
BRDA:34,1,1,65
BRDA:34,2,0,140
BRDA:34,2,1,135
BRDA:34,2,2,135
BRDA:36,3,0,0
BRDA:36,3,1,75
BRF:9
BRH:8
end_of_record
