TN:
SF:general.js
FN:19,(anonymous_0)
FN:31,(anonymous_1)
FNF:2
FNH:2
FNDA:2,(anonymous_0)
FNDA:3,(anonymous_1)
DA:7,1
DA:8,1
DA:11,1
DA:13,1
DA:20,2
DA:32,3
DA:33,22
DA:34,22
DA:35,1
DA:37,21
DA:40,3
LF:11
LH:11
BRDA:34,0,0,1
BRDA:34,0,1,21
BRF:2
BRH:2
end_of_record
TN:
SF:groceries.js
FN:26,(anonymous_0)
FN:42,(anonymous_1)
FNF:2
FNH:2
FNDA:3,(anonymous_0)
FNDA:2,(anonymous_1)
DA:9,1
DA:10,1
DA:12,1
DA:14,1
DA:16,1
DA:27,3
DA:28,3
DA:29,0
DA:31,3
DA:43,2
DA:44,2
LF:11
LH:10
BRDA:28,0,0,0
BRDA:28,0,1,3
BRF:2
BRH:1
end_of_record
TN:
SF:main.js
FN:20,(anonymous_0)
FNF:1
FNH:1
FNDA:1,(anonymous_0)
DA:7,1
DA:8,1
DA:9,1
DA:11,1
DA:13,1
DA:21,1
DA:22,1
DA:23,1
DA:24,1
DA:25,2
DA:26,2
DA:27,2
DA:30,0
DA:33,1
LF:14
LH:13
BRDA:26,0,0,2
BRDA:26,0,1,0
BRF:2
BRH:1
end_of_record
TN:
SF:meal.js
FN:16,(anonymous_0)
FN:35,getIngredients
FNF:2
FNH:2
FNDA:7,(anonymous_0)
FNDA:7,getIngredients
DA:17,7
DA:18,7
DA:19,7
DA:20,7
DA:21,7
DA:22,7
DA:23,7
DA:24,7
DA:25,7
DA:36,7
DA:37,7
DA:38,357
DA:39,140
DA:40,140
DA:41,85
DA:42,85
DA:43,9
DA:45,76
DA:50,7
DA:53,1
LF:20
LH:20
BRDA:38,0,0,140
BRDA:38,0,1,217
BRDA:40,1,0,85
BRDA:40,1,1,55
BRDA:40,2,0,140
BRDA:40,2,1,135
BRDA:40,2,2,135
BRDA:42,3,0,9
BRDA:42,3,1,76
BRF:9
BRH:9
end_of_record
